[+] Containers:
 |- [+] Container: /Game/RoomEscape/Maps/FirstPersonMap1
 |   |- [+] ActorDescs:
 |   |   |- Guid:020A3DBE4EA138ADE15938B6D4185F32 BaseClass: NativeClass:/Script/Engine.StaticMeshActor Name:StaticMeshActor_UAID_4CEDFBBCF145E7CB01_1876091487 Label:Walls_16x10 SpatiallyLoaded:1 Bounds:IsValid=true, Min=(X=5.000 Y=-3295.000 Z=-100.000), Max=(X=105.000 Y=-1695.000 Z=700.001) RuntimeGrid:None EditorOnly:0 RuntimeOnly:0 HLODRelevant:1
 |   |   |- Guid:034FA0B04CE6788581DE88BE69533573 BaseClass:/Game/BP_door.BP_door_C NativeClass:/Script/Engine.StaticMeshActor Name:BP_door_C_UAID_4CEDFBBCF145E6CB01_1082405285 Label:BP_door4 SpatiallyLoaded:1 Bounds:IsValid=true, Min=(X=486.400 Y=5976.000 Z=2.400), Max=(X=1113.600 Y=6104.000 Z=517.600) RuntimeGrid:None EditorOnly:0 RuntimeOnly:0 HLODRelevant:0
 |   |   |- Guid:08A17A2949B0BCDB963BE19BA03BE606 BaseClass: NativeClass:/Script/Engine.StaticMeshActor Name:StaticMeshActor_UAID_4CEDFBBCF145E4CB01_1375569901 Label:room_16x16x29 SpatiallyLoaded:1 Bounds:IsValid=true, Min=(X=0.000 Y=4490.000 Z=-89.937), Max=(X=1600.000 Y=6090.000 Z=710.063) RuntimeGrid:None EditorOnly:0 RuntimeOnly:0 HLODRelevant:1
 |   |   |- Guid:0C077452456F778DDD76709DD8A241D3 BaseClass: NativeClass:/Script/Engine.StaticMeshActor Name:StaticMeshActor_UAID_4CEDFBBCF145E4CB01_1375572904 Label:room_16x16x32 SpatiallyLoaded:1 Bounds:IsValid=true, Min=(X=4500.000 Y=4490.000 Z=-89.937), Max=(X=6100.000 Y=6090.000 Z=710.063) RuntimeGrid:None EditorOnly:0 RuntimeOnly:0 HLODRelevant:1
 |   |   |- Guid:0C77AE7C4DEAA96CC671F7AB74BA8B1E BaseClass: NativeClass:/Script/Engine.StaticMeshActor Name:StaticMeshActor_UAID_4CEDFBBCF145E4CB01_1347933890 Label:room_16x16x18 SpatiallyLoaded:1 Bounds:IsValid=true, Min=(X=4500.000 Y=1490.000 Z=-89.937), Max=(X=6100.000 Y=3090.000 Z=710.063) RuntimeGrid:None EditorOnly:0 RuntimeOnly:0 HLODRelevant:1
 |   |   |- Guid:14EBE9E6498A81DD3C939CAF886CD1B9 BaseClass: NativeClass:/Script/Engine.StaticMeshActor Name:StaticMeshActor_UAID_4CEDFBBCF145E4CB01_1398538916 Label:room_16x16x44 SpatiallyLoaded:1 Bounds:IsValid=true, Min=(X=1500.000 Y=7490.000 Z=-89.937), Max=(X=3100.000 Y=9090.000 Z=710.063) RuntimeGrid:None EditorOnly:0 RuntimeOnly:0 HLODRelevant:1
 |   |   |- Guid:189D922B4213A1B2F2F166925C01663B BaseClass: NativeClass:/Script/Engine.StaticMeshActor Name:StaticMeshActor_UAID_4CEDFBBCF145E4CB01_1347932889 Label:room_16x16x17 SpatiallyLoaded:1 Bounds:IsValid=true, Min=(X=3000.000 Y=1490.000 Z=-89.937), Max=(X=4600.000 Y=3090.000 Z=710.063) RuntimeGrid:None EditorOnly:0 RuntimeOnly:0 HLODRelevant:1
 |   |   |- Guid:1E548B2E4297B60C4F8F2AB7709221B6 BaseClass: NativeClass:/Script/Engine.StaticMeshActor Name:StaticMeshActor_UAID_4CEDFBBCF145E4CB01_1375571903 Label:room_16x16x31 SpatiallyLoaded:1 Bounds:IsValid=true, Min=(X=3000.000 Y=4490.000 Z=-89.937), Max=(X=4600.000 Y=6090.000 Z=710.063) RuntimeGrid:None EditorOnly:0 RuntimeOnly:0 HLODRelevant:1
 |   |   |- Guid:211D19B64FCC9623672199A0562E7119 BaseClass: NativeClass:/Script/Engine.StaticMeshActor Name:StaticMeshActor_UAID_4CEDFBBCF145E4CB01_1306708885 Label:room_16x16x13 SpatiallyLoaded:1 Bounds:IsValid=true, Min=(X=7490.000 Y=0.000 Z=-89.937), Max=(X=9090.000 Y=1600.000 Z=710.063) RuntimeGrid:None EditorOnly:0 RuntimeOnly:0 HLODRelevant:1
 |   |   |- Guid:26B6A00940CF1B0D59B1CCA26C135AB2 BaseClass: NativeClass:/Script/Engine.StaticMeshActor Name:StaticMeshActor_UAID_4CEDFBBCF145E4CB01_1384903910 Label:room_16x16x38 SpatiallyLoaded:1 Bounds:IsValid=true, Min=(X=3000.000 Y=5990.000 Z=-89.937), Max=(X=4600.000 Y=7590.000 Z=710.063) RuntimeGrid:None EditorOnly:0 RuntimeOnly:0 HLODRelevant:1
 |   |   |- Guid:27FB03D9420C5C8803B7D5AC48C647E1 BaseClass: NativeClass:/Script/Engine.SkyAtmosphere Name:SkyAtmosphere_0 Label:SkyAtmosphere SpatiallyLoaded:0 Bounds:IsValid=true, Min=(X=0.000 Y=0.000 Z=1020.000), Max=(X=0.000 Y=0.000 Z=1020.000) RuntimeGrid:None EditorOnly:0 RuntimeOnly:0 HLODRelevant:0 FolderPath:Lighting FolderGuid:0BA5F0A04EADB18E70D5B180D08FA34B
 |   |   |- Guid:2BC92061439E43CE6B70148D9CC1F378 BaseClass: NativeClass:/Script/Engine.StaticMeshActor Name:StaticMeshActor_UAID_4CEDFBBCF145E4CB01_1409991928 Label:room_16x16x56 SpatiallyLoaded:1 Bounds:IsValid=true, Min=(X=8990.000 Y=8990.000 Z=-89.937), Max=(X=10590.000 Y=10590.000 Z=710.063) RuntimeGrid:None EditorOnly:0 RuntimeOnly:0 HLODRelevant:1
 |   |   |- Guid:2D1CF7DF4E44A2DDEB1F0590EE8BFE22 BaseClass:/Game/RoomEscape/Assets/BP_Brain.BP_Brain_C NativeClass:/Script/Engine.Actor Name:BP_Brain_C_UAID_4CEDFBBCF145E7CB01_1369143484 Label:BP_Brain SpatiallyLoaded:1 Bounds:IsValid=true, Min=(X=150.000 Y=-85.000 Z=560.000), Max=(X=150.000 Y=-85.000 Z=560.000) RuntimeGrid:None EditorOnly:0 RuntimeOnly:0 HLODRelevant:0
 |   |   |- Guid:3186E4BE46C946A8E659DCB3F365559D BaseClass: NativeClass:/Script/Engine.StaticMeshActor Name:StaticMeshActor_UAID_4CEDFBBCF145E4CB01_1409990926 Label:room_16x16x54 SpatiallyLoaded:1 Bounds:IsValid=true, Min=(X=6000.000 Y=8990.000 Z=-89.937), Max=(X=7600.000 Y=10590.000 Z=710.063) RuntimeGrid:None EditorOnly:0 RuntimeOnly:0 HLODRelevant:1
 |   |   |- Guid:342127784C61191492DBB3B1C32D6649 BaseClass: NativeClass:/Script/Engine.StaticMeshActor Name:StaticMeshActor_UAID_4CEDFBBCF145E4CB01_1375573906 Label:room_16x16x34 SpatiallyLoaded:1 Bounds:IsValid=true, Min=(X=7490.000 Y=4490.000 Z=-89.937), Max=(X=9090.000 Y=6090.000 Z=710.063) RuntimeGrid:None EditorOnly:0 RuntimeOnly:0 HLODRelevant:1
 |   |   |- Guid:437AD516483247C1B562A8860A8BBE1B BaseClass: NativeClass:/Script/Engine.StaticMeshActor Name:StaticMeshActor_UAID_4CEDFBBCF145E4CB01_1286449883 Label:room_16x16x11 SpatiallyLoaded:1 Bounds:IsValid=true, Min=(X=4500.000 Y=0.000 Z=-89.937), Max=(X=6100.000 Y=1600.000 Z=710.063) RuntimeGrid:None EditorOnly:0 RuntimeOnly:0 HLODRelevant:1
 |   |   |- Guid:481495844FB551251BA0E3ABFDA37971 BaseClass: NativeClass:/Script/Engine.StaticMeshActor Name:StaticMeshActor_UAID_4CEDFBBCF145E4CB01_1398540919 Label:room_16x16x47 SpatiallyLoaded:1 Bounds:IsValid=true, Min=(X=6000.000 Y=7490.000 Z=-89.937), Max=(X=7600.000 Y=9090.000 Z=710.063) RuntimeGrid:None EditorOnly:0 RuntimeOnly:0 HLODRelevant:1
 |   |   |- Guid:4B41ACB34E9DB9F49B6040ADCCD4E1FD BaseClass:/Game/FirstPerson/Blueprints/BP_Pickup_Rifle.BP_Pickup_Rifle_C NativeClass:/Script/Engine.Actor Name:BP_Rifle_C_1 Label:BP_Pickup_Rifle SpatiallyLoaded:1 Bounds:IsValid=true, Min=(X=4998.000 Y=5158.000 Z=494.000), Max=(X=5062.000 Y=5247.440 Z=558.000) RuntimeGrid:None EditorOnly:0 RuntimeOnly:0 HLODRelevant:0
 |   |   |- Guid:4B767FF04FFDDC29C06491A8AAEC7843 BaseClass: NativeClass:/Script/Engine.StaticMeshActor Name:StaticMeshActor_UAID_4CEDFBBCF145E4CB01_1384904911 Label:room_16x16x39 SpatiallyLoaded:1 Bounds:IsValid=true, Min=(X=4500.000 Y=5990.000 Z=-89.937), Max=(X=6100.000 Y=7590.000 Z=710.063) RuntimeGrid:None EditorOnly:0 RuntimeOnly:0 HLODRelevant:1
 |   |   |- Guid:517BD6FE4C002C2CE8E961A5DC057CC2 BaseClass: NativeClass:/Script/Engine.StaticMeshActor Name:StaticMeshActor_UAID_4CEDFBBCF145E4CB01_1409990927 Label:room_16x16x55 SpatiallyLoaded:1 Bounds:IsValid=true, Min=(X=7490.000 Y=8990.000 Z=-89.937), Max=(X=9090.000 Y=10590.000 Z=710.063) RuntimeGrid:None EditorOnly:0 RuntimeOnly:0 HLODRelevant:1
 |   |   |- Guid:54F45BFE49404A3D13216E9A2E4808E0 BaseClass: NativeClass:/Script/Engine.StaticMeshActor Name:StaticMeshActor_UAID_4CEDFBBCF145E4CB01_1375570902 Label:room_16x16x30 SpatiallyLoaded:1 Bounds:IsValid=true, Min=(X=1500.000 Y=4490.000 Z=-89.937), Max=(X=3100.000 Y=6090.000 Z=710.063) RuntimeGrid:None EditorOnly:0 RuntimeOnly:0 HLODRelevant:1
 |   |   |- Guid:55843E794ED82BD70863A988C1F34906 BaseClass: NativeClass:/Script/Engine.StaticMeshActor Name:StaticMeshActor_UAID_4CEDFBBCF145E4CB01_1347931888 Label:room_16x16x16 SpatiallyLoaded:1 Bounds:IsValid=true, Min=(X=1500.000 Y=1490.000 Z=-89.937), Max=(X=3100.000 Y=3090.000 Z=710.063) RuntimeGrid:None EditorOnly:0 RuntimeOnly:0 HLODRelevant:1
 |   |   |- Guid:55A6848E463912AE5EEBB7BA0DD1A6C8 BaseClass: NativeClass:/Script/Engine.SkyLight Name:SkyLight_0 Label:SkyLight SpatiallyLoaded:0 Bounds:IsValid=true, Min=(X=0.000 Y=0.000 Z=690.000), Max=(X=0.000 Y=0.000 Z=690.000) RuntimeGrid:None EditorOnly:0 RuntimeOnly:0 HLODRelevant:0 FolderPath:Lighting FolderGuid:0BA5F0A04EADB18E70D5B180D08FA34B
 |   |   |- Guid:575F5C5B4A4A4634392532A99019C29E BaseClass: NativeClass:/Script/Engine.StaticMeshActor Name:StaticMeshActor_UAID_4CEDFBBCF145E4CB01_1347935891 Label:room_16x16x19 SpatiallyLoaded:1 Bounds:IsValid=true, Min=(X=6000.000 Y=1490.000 Z=-89.937), Max=(X=7600.000 Y=3090.000 Z=710.063) RuntimeGrid:None EditorOnly:0 RuntimeOnly:0 HLODRelevant:1
 |   |   |- Guid:5AE3B5F9468055C1511FF3AC7E864A48 BaseClass: NativeClass:/Script/Engine.StaticMeshActor Name:StaticMeshActor_UAID_4CEDFBBCF145E4CB01_1375574907 Label:room_16x16x35 SpatiallyLoaded:1 Bounds:IsValid=true, Min=(X=8990.000 Y=4490.000 Z=-89.937), Max=(X=10590.000 Y=6090.000 Z=710.063) RuntimeGrid:None EditorOnly:0 RuntimeOnly:0 HLODRelevant:1
 |   |   |- Guid:5BF24A9648B304EAB0802781FCA45BE9 BaseClass: NativeClass:/Script/Engine.StaticMeshActor Name:StaticMeshActor_UAID_4CEDFBBCF145E4CB01_1384900908 Label:room_16x16x36 SpatiallyLoaded:1 Bounds:IsValid=true, Min=(X=0.000 Y=5990.000 Z=-89.937), Max=(X=1600.000 Y=7590.000 Z=710.063) RuntimeGrid:None EditorOnly:0 RuntimeOnly:0 HLODRelevant:1
 |   |   |- Guid:6389BE3D4975C3EF34B57B8A56FF24C7 BaseClass:/Game/BP_door.BP_door_C NativeClass:/Script/Engine.StaticMeshActor Name:BP_door_C_UAID_4CEDFBBCF145E5CB01_2123455107 Label:BP_door2 SpatiallyLoaded:1 Bounds:IsValid=true, Min=(X=486.400 Y=2976.000 Z=2.400), Max=(X=1113.600 Y=3104.000 Z=517.600) RuntimeGrid:None EditorOnly:0 RuntimeOnly:0 HLODRelevant:0
 |   |   |- Guid:676782B048A5ECCD76B7819B009AC07D BaseClass: NativeClass:/Script/Engine.StaticMeshActor Name:StaticMeshActor_UAID_4CEDFBBCF145E7CB01_1869241486 Label:Walls_16x9 SpatiallyLoaded:1 Bounds:IsValid=true, Min=(X=5.000 Y=-330.000 Z=-100.000), Max=(X=105.000 Y=10870.000 Z=700.001) RuntimeGrid:None EditorOnly:0 RuntimeOnly:0 HLODRelevant:1
 |   |   |- Guid:6A5529BF49ED27A58524868FE1E9B4D1 BaseClass: NativeClass:/Script/Engine.StaticMeshActor Name:StaticMeshActor_UAID_4CEDFBBCF145E5CB01_1212414106 Label:Cube SpatiallyLoaded:1 Bounds:IsValid=true, Min=(X=2100.000 Y=660.000 Z=-39.937), Max=(X=2300.000 Y=860.000 Z=-14.937) RuntimeGrid:None EditorOnly:0 RuntimeOnly:0 HLODRelevant:1
 |   |   |- Guid:75AABE714C5FE8D74E97E5B346D818B9 BaseClass: NativeClass:/Script/Engine.StaticMeshActor Name:StaticMeshActor_UAID_4CEDFBBCF145E4CB01_1384907914 Label:room_16x16x42 SpatiallyLoaded:1 Bounds:IsValid=true, Min=(X=8990.000 Y=5990.000 Z=-89.937), Max=(X=10590.000 Y=7590.000 Z=710.063) RuntimeGrid:None EditorOnly:0 RuntimeOnly:0 HLODRelevant:1
 |   |   |- Guid:7834031E473479D261A8A0AE7A761CBD BaseClass: NativeClass:/Script/Engine.StaticMeshActor Name:StaticMeshActor_UAID_4CEDFBBCF145E4CB01_1347929887 Label:room_16x16x15 SpatiallyLoaded:1 Bounds:IsValid=true, Min=(X=0.000 Y=1490.000 Z=-89.937), Max=(X=1600.000 Y=3090.000 Z=710.063) RuntimeGrid:None EditorOnly:0 RuntimeOnly:0 HLODRelevant:1
 |   |   |- Guid:7F16DF7F467D62A59051F39A9F9FE5D7 BaseClass: NativeClass:/Script/Engine.StaticMeshActor Name:StaticMeshActor_UAID_4CEDFBBCF145E4CB01_1398542921 Label:room_16x16x49 SpatiallyLoaded:1 Bounds:IsValid=true, Min=(X=8990.000 Y=7490.000 Z=-89.937), Max=(X=10590.000 Y=9090.000 Z=710.063) RuntimeGrid:None EditorOnly:0 RuntimeOnly:0 HLODRelevant:1
 |   |   |- Guid:80D5A83442BDE7C99E92668FE3EEE243 BaseClass: NativeClass:/Script/Engine.DirectionalLight Name:DirectionalLight_1 Label:DirectionalLight SpatiallyLoaded:0 Bounds:IsValid=true, Min=(X=-4398046511104.000 Y=-4398046511104.000 Z=-4398046511104.000), Max=(X=4398046511104.000 Y=4398046511104.000 Z=4398046511104.000) RuntimeGrid:None EditorOnly:0 RuntimeOnly:0 HLODRelevant:0 FolderPath:Lighting FolderGuid:0BA5F0A04EADB18E70D5B180D08FA34B
 |   |   |- Guid:831DB4B64B71D2AB1AA1919786D99DEB BaseClass: NativeClass:/Script/Engine.StaticMeshActor Name:StaticMeshActor_UAID_4CEDFBBCF145E4CB01_1384906913 Label:room_16x16x41 SpatiallyLoaded:1 Bounds:IsValid=true, Min=(X=7490.000 Y=5990.000 Z=-89.937), Max=(X=9090.000 Y=7590.000 Z=710.063) RuntimeGrid:None EditorOnly:0 RuntimeOnly:0 HLODRelevant:1
 |   |   |- Guid:8347186F4B95F33B1C4C699A3510EF07 BaseClass: NativeClass:/Script/Engine.StaticMeshActor Name:StaticMeshActor_UAID_4CEDFBBCF145E4CB01_1360454894 Label:room_16x16x22 SpatiallyLoaded:1 Bounds:IsValid=true, Min=(X=0.000 Y=2990.000 Z=-89.937), Max=(X=1600.000 Y=4590.000 Z=710.063) RuntimeGrid:None EditorOnly:0 RuntimeOnly:0 HLODRelevant:1
 |   |   |- Guid:86EFDBEC4B7043EE85C2A78B1824484E BaseClass:/Game/BP_door.BP_door_C NativeClass:/Script/Engine.StaticMeshActor Name:BP_door_C_UAID_4CEDFBBCF145E5CB01_2138834108 Label:BP_door3 SpatiallyLoaded:1 Bounds:IsValid=true, Min=(X=486.400 Y=4466.000 Z=2.400), Max=(X=1113.600 Y=4594.000 Z=517.600) RuntimeGrid:None EditorOnly:0 RuntimeOnly:0 HLODRelevant:0
 |   |   |- Guid:92B30E6D46A1D7B6B3F568BD584501FB BaseClass: NativeClass:/Script/Engine.PlayerStart Name:PlayerStart_0 Label:PlayerStart SpatiallyLoaded:0 Bounds:IsValid=true, Min=(X=240.000 Y=280.000 Z=0.013), Max=(X=320.000 Y=360.000 Z=184.013) RuntimeGrid:None EditorOnly:0 RuntimeOnly:0 HLODRelevant:0
 |   |   |- Guid:941FC0BE480ED7C5A8A4F8BAC2656A1E BaseClass: NativeClass:/Script/Engine.StaticMeshActor Name:StaticMeshActor_UAID_4CEDFBBCF145E4CB01_1375573905 Label:room_16x16x33 SpatiallyLoaded:1 Bounds:IsValid=true, Min=(X=6000.000 Y=4490.000 Z=-89.937), Max=(X=7600.000 Y=6090.000 Z=710.063) RuntimeGrid:None EditorOnly:0 RuntimeOnly:0 HLODRelevant:1
 |   |   |- Guid:96151D7F4DA29A382E956CADB8F51629 BaseClass: NativeClass:/Script/Engine.StaticMeshActor Name:StaticMeshActor_UAID_4CEDFBBCF145E4CB01_1384902909 Label:room_16x16x37 SpatiallyLoaded:1 Bounds:IsValid=true, Min=(X=1500.000 Y=5990.000 Z=-89.937), Max=(X=3100.000 Y=7590.000 Z=710.063) RuntimeGrid:None EditorOnly:0 RuntimeOnly:0 HLODRelevant:1
 |   |   |- Guid:9C8D0E4B4D3CFE94CFC8829D77076216 BaseClass: NativeClass:/Script/Engine.StaticMeshActor Name:StaticMeshActor_UAID_4CEDFBBCF145E4CB01_1409986922 Label:room_16x16x50 SpatiallyLoaded:1 Bounds:IsValid=true, Min=(X=0.000 Y=8990.000 Z=-89.937), Max=(X=1600.000 Y=10590.000 Z=710.063) RuntimeGrid:None EditorOnly:0 RuntimeOnly:0 HLODRelevant:1
 |   |   |- Guid:9ECC3B874735034194EC4BB805A1E34F BaseClass: NativeClass:/Script/Engine.VolumetricCloud Name:VolumetricCloud_0 Label:VolumetricCloud SpatiallyLoaded:0 Bounds:IsValid=true, Min=(X=0.000 Y=0.000 Z=820.000), Max=(X=0.000 Y=0.000 Z=820.000) RuntimeGrid:None EditorOnly:0 RuntimeOnly:0 HLODRelevant:0 FolderPath:Lighting FolderGuid:0BA5F0A04EADB18E70D5B180D08FA34B
 |   |   |- Guid:9F40E0E9426694F1C6FB49B626909577 BaseClass: NativeClass:/Script/Engine.StaticMeshActor Name:StaticMeshActor_UAID_4CEDFBBCF145E4CB01_1398539917 Label:room_16x16x45 SpatiallyLoaded:1 Bounds:IsValid=true, Min=(X=3000.000 Y=7490.000 Z=-89.937), Max=(X=4600.000 Y=9090.000 Z=710.063) RuntimeGrid:None EditorOnly:0 RuntimeOnly:0 HLODRelevant:1
 |   |   |- Guid:A15C63CC417CAA8C65853F9890892D7A BaseClass:/Game/BP_door.BP_door_C NativeClass:/Script/Engine.StaticMeshActor Name:BP_door_C_UAID_4CEDFBBCF145E4CB01_1613067929 Label:BP_door SpatiallyLoaded:1 Bounds:IsValid=true, Min=(X=486.400 Y=1486.000 Z=2.400), Max=(X=1113.600 Y=1614.000 Z=517.600) RuntimeGrid:None EditorOnly:0 RuntimeOnly:0 HLODRelevant:0
 |   |   |- Guid:A41FF60D4DC7BF7EF9F47296AB649688 BaseClass: NativeClass:/Script/Engine.StaticMeshActor Name:StaticMeshActor_UAID_4CEDFBBCF145E7CB01_1798208485 Label:Walls_16x8 SpatiallyLoaded:1 Bounds:IsValid=true, Min=(X=-482.500 Y=0.000 Z=-100.000), Max=(X=11917.500 Y=100.000 Z=700.001) RuntimeGrid:None EditorOnly:0 RuntimeOnly:0 HLODRelevant:1
 |   |   |- Guid:A4836AAA4921E6117701C69034556B0B BaseClass: NativeClass:/Script/Engine.StaticMeshActor Name:StaticMeshActor_0 Label:SM_Cube SpatiallyLoaded:1 Bounds:IsValid=true, Min=(X=0.000 Y=0.000 Z=-90.000), Max=(X=10600.000 Y=10600.000 Z=-40.000) RuntimeGrid:None EditorOnly:0 RuntimeOnly:0 HLODRelevant:1 FolderPath:Playground FolderGuid:6C02BB504B69D1F3D7A624B130C18E5B
 |   |   |- Guid:A4BC6E9F4EB8A6A75121EF9C3B6EB4D7 BaseClass:/Game/RoomEscape/Assets/BP_key.BP_key_C NativeClass:/Script/Engine.StaticMeshActor Name:BP_key_C_UAID_4CEDFBBCF145E6CB01_2104691307 Label:BP_key SpatiallyLoaded:1 Bounds:IsValid=true, Min=(X=827.000 Y=700.000 Z=-56.437), Max=(X=923.000 Y=820.000 Z=-8.437) RuntimeGrid:None EditorOnly:0 RuntimeOnly:0 HLODRelevant:1
 |   |   |- Guid:A5EB77514DEB5FB57258B894C7FAC421 BaseClass: NativeClass:/Script/Engine.StaticMeshActor Name:StaticMeshActor_UAID_4CEDFBBCF145E4CB01_1409988924 Label:room_16x16x52 SpatiallyLoaded:1 Bounds:IsValid=true, Min=(X=3000.000 Y=8990.000 Z=-89.937), Max=(X=4600.000 Y=10590.000 Z=710.063) RuntimeGrid:None EditorOnly:0 RuntimeOnly:0 HLODRelevant:1
 |   |   |- Guid:A94D770A4C618C4D08A5B89AD74B63EF BaseClass: NativeClass:/Script/Engine.StaticMeshActor Name:StaticMeshActor_UAID_4CEDFBBCF145E4CB01_1360458899 Label:room_16x16x27 SpatiallyLoaded:1 Bounds:IsValid=true, Min=(X=7490.000 Y=2990.000 Z=-89.937), Max=(X=9090.000 Y=4590.000 Z=710.063) RuntimeGrid:None EditorOnly:0 RuntimeOnly:0 HLODRelevant:1
 |   |   |- Guid:B029A8114CEA75DF4D274B87F2B34EB0 BaseClass: NativeClass:/Script/Engine.StaticMeshActor Name:StaticMeshActor_UAID_4CEDFBBCF145E4CB01_1398536915 Label:room_16x16x43 SpatiallyLoaded:1 Bounds:IsValid=true, Min=(X=0.000 Y=7490.000 Z=-89.937), Max=(X=1600.000 Y=9090.000 Z=710.063) RuntimeGrid:None EditorOnly:0 RuntimeOnly:0 HLODRelevant:1
 |   |   |- Guid:B5D46F374A540302D924BE8779FC00A4 BaseClass: NativeClass:/Script/Engine.StaticMeshActor Name:StaticMeshActor_UAID_4CEDFBBCF145E4CB01_1398540918 Label:room_16x16x46 SpatiallyLoaded:1 Bounds:IsValid=true, Min=(X=4500.000 Y=7490.000 Z=-89.937), Max=(X=6100.000 Y=9090.000 Z=710.063) RuntimeGrid:None EditorOnly:0 RuntimeOnly:0 HLODRelevant:1
 |   |   |- Guid:BE37F34B4E96BCF7D8F07296FFEF5394 BaseClass: NativeClass:/Script/Engine.StaticMeshActor Name:StaticMeshActor_UAID_4CEDFBBCF145E4CB01_1360459900 Label:room_16x16x28 SpatiallyLoaded:1 Bounds:IsValid=true, Min=(X=8990.000 Y=2990.000 Z=-89.937), Max=(X=10590.000 Y=4590.000 Z=710.063) RuntimeGrid:None EditorOnly:0 RuntimeOnly:0 HLODRelevant:1
 |   |   |- Guid:C8F642884211F9ADE49AE6A2DD39424C BaseClass: NativeClass:/Script/Engine.StaticMeshActor Name:StaticMeshActor_UAID_4CEDFBBCF145E4CB01_1398541920 Label:room_16x16x48 SpatiallyLoaded:1 Bounds:IsValid=true, Min=(X=7490.000 Y=7490.000 Z=-89.937), Max=(X=9090.000 Y=9090.000 Z=710.063) RuntimeGrid:None EditorOnly:0 RuntimeOnly:0 HLODRelevant:1
 |   |   |- Guid:D3AF5BC74A2BC53E7FF4608C68027BE5 BaseClass: NativeClass:/Script/Engine.StaticMeshActor Name:StaticMeshActor_UAID_4CEDFBBCF145E4CB01_1271954882 Label:room_16x16x10 SpatiallyLoaded:1 Bounds:IsValid=true, Min=(X=3000.000 Y=0.000 Z=-89.937), Max=(X=4600.000 Y=1600.000 Z=710.063) RuntimeGrid:None EditorOnly:0 RuntimeOnly:0 HLODRelevant:1
 |   |   |- Guid:D6F0B23F42FAE12A792B1790BAD0A5BA BaseClass: NativeClass:/Script/Engine.StaticMeshActor Name:StaticMeshActor_UAID_4CEDFBBCF145E4CB01_1286451884 Label:room_16x16x12 SpatiallyLoaded:1 Bounds:IsValid=true, Min=(X=6000.000 Y=0.000 Z=-89.937), Max=(X=7600.000 Y=1600.000 Z=710.063) RuntimeGrid:None EditorOnly:0 RuntimeOnly:0 HLODRelevant:1
 |   |   |- Guid:D7BB34E1455658D17FB7ABB75124B437 BaseClass: NativeClass:/Script/Engine.StaticMeshActor Name:StaticMeshActor_UAID_4CEDFBBCF145E4CB01_1306710886 Label:room_16x16x14 SpatiallyLoaded:1 Bounds:IsValid=true, Min=(X=8990.000 Y=0.000 Z=-89.937), Max=(X=10590.000 Y=1600.000 Z=710.063) RuntimeGrid:None EditorOnly:0 RuntimeOnly:0 HLODRelevant:1
 |   |   |- Guid:DC3C3A3B4C2D5EAE780195997C80EAE5 BaseClass: NativeClass:/Script/Engine.StaticMeshActor Name:StaticMeshActor_UAID_4CEDFBBCF145E4CB01_1360458898 Label:room_16x16x26 SpatiallyLoaded:1 Bounds:IsValid=true, Min=(X=6000.000 Y=2990.000 Z=-89.937), Max=(X=7600.000 Y=4590.000 Z=710.063) RuntimeGrid:None EditorOnly:0 RuntimeOnly:0 HLODRelevant:1
 |   |   |- Guid:DE2D292E497CA9A22B770D9F69AA38E3 BaseClass: NativeClass:/Script/Engine.StaticMeshActor Name:StaticMeshActor_UAID_4CEDFBBCF145E4CB01_1360457897 Label:room_16x16x25 SpatiallyLoaded:1 Bounds:IsValid=true, Min=(X=4500.000 Y=2990.000 Z=-89.937), Max=(X=6100.000 Y=4590.000 Z=710.063) RuntimeGrid:None EditorOnly:0 RuntimeOnly:0 HLODRelevant:1
 |   |   |- Guid:E1501F8B4812CCAC5A95519458794FA3 BaseClass: NativeClass:/Script/Engine.StaticMeshActor Name:StaticMeshActor_UAID_4CEDFBBCF145E4CB01_1360455895 Label:room_16x16x23 SpatiallyLoaded:1 Bounds:IsValid=true, Min=(X=1500.000 Y=2990.000 Z=-89.937), Max=(X=3100.000 Y=4590.000 Z=710.063) RuntimeGrid:None EditorOnly:0 RuntimeOnly:0 HLODRelevant:1
 |   |   |- Guid:E1B2F3274C30CCFBE1C996B4B67693DB BaseClass: NativeClass:/Script/Engine.StaticMeshActor Name:StaticMeshActor_UAID_A4AE111137DC5EFB00_2001720423 Label:SM_SkySphere SpatiallyLoaded:0 Bounds:IsValid=true, Min=(X=-1638400.000 Y=-1638400.000 Z=-1638400.000), Max=(X=1638400.000 Y=1638400.000 Z=1638400.000) RuntimeGrid:None EditorOnly:0 RuntimeOnly:0 HLODRelevant:1 FolderPath:Lighting FolderGuid:0BA5F0A04EADB18E70D5B180D08FA34B
 |   |   |- Guid:E2031D4947EFCF5B95CDEC9A44DC633A BaseClass: NativeClass:/Script/Engine.StaticMeshActor Name:StaticMeshActor_UAID_4CEDFBBCF145E4CB01_1360456896 Label:room_16x16x24 SpatiallyLoaded:1 Bounds:IsValid=true, Min=(X=3000.000 Y=2990.000 Z=-89.937), Max=(X=4600.000 Y=4590.000 Z=710.063) RuntimeGrid:None EditorOnly:0 RuntimeOnly:0 HLODRelevant:1
 |   |   |- Guid:E76421894D8B0D54DBDA4393B8C153A6 BaseClass: NativeClass:/Script/Engine.StaticMeshActor Name:StaticMeshActor_UAID_4CEDFBBCF145E3CB01_1983217701 Label:room_16x16x8 SpatiallyLoaded:1 Bounds:IsValid=true, Min=(X=0.000 Y=0.000 Z=-89.937), Max=(X=1600.000 Y=1600.000 Z=710.063) RuntimeGrid:None EditorOnly:0 RuntimeOnly:0 HLODRelevant:1
 |   |   |- Guid:EBA710334E16F64A7A9A358B059EC044 BaseClass: NativeClass:/Script/Engine.StaticMeshActor Name:StaticMeshActor_UAID_4CEDFBBCF145E4CB01_1409989925 Label:room_16x16x53 SpatiallyLoaded:1 Bounds:IsValid=true, Min=(X=4500.000 Y=8990.000 Z=-89.937), Max=(X=6100.000 Y=10590.000 Z=710.063) RuntimeGrid:None EditorOnly:0 RuntimeOnly:0 HLODRelevant:1
 |   |   |- Guid:EC5F485E45268CC132A19381C74F6595 BaseClass: NativeClass:/Script/Engine.StaticMeshActor Name:StaticMeshActor_UAID_4CEDFBBCF145E4CB01_1253254881 Label:room_16x16x9 SpatiallyLoaded:1 Bounds:IsValid=true, Min=(X=1500.000 Y=0.000 Z=-89.937), Max=(X=3100.000 Y=1600.000 Z=710.063) RuntimeGrid:None EditorOnly:0 RuntimeOnly:0 HLODRelevant:1
 |   |   |- Guid:ED70B9464630BE9B7A68C7A332339136 BaseClass: NativeClass:/Script/Engine.StaticMeshActor Name:StaticMeshActor_UAID_4CEDFBBCF145E4CB01_1347936892 Label:room_16x16x20 SpatiallyLoaded:1 Bounds:IsValid=true, Min=(X=7490.000 Y=1490.000 Z=-89.937), Max=(X=9090.000 Y=3090.000 Z=710.063) RuntimeGrid:None EditorOnly:0 RuntimeOnly:0 HLODRelevant:1
 |   |   |- Guid:EF8D6D7E4DE15FF26C9476B4CCCA0C01 BaseClass: NativeClass:/Script/Engine.StaticMeshActor Name:StaticMeshActor_UAID_4CEDFBBCF145E4CB01_1409987923 Label:room_16x16x51 SpatiallyLoaded:1 Bounds:IsValid=true, Min=(X=1500.000 Y=8990.000 Z=-89.937), Max=(X=3100.000 Y=10590.000 Z=710.063) RuntimeGrid:None EditorOnly:0 RuntimeOnly:0 HLODRelevant:1
 |   |   |- Guid:F2408D354BC84F8FE7E60DBB496AB8AC BaseClass: NativeClass:/Script/Engine.StaticMeshActor Name:StaticMeshActor_UAID_4CEDFBBCF145E4CB01_1384905912 Label:room_16x16x40 SpatiallyLoaded:1 Bounds:IsValid=true, Min=(X=6000.000 Y=5990.000 Z=-89.937), Max=(X=7600.000 Y=7590.000 Z=710.063) RuntimeGrid:None EditorOnly:0 RuntimeOnly:0 HLODRelevant:1
 |   |   |- Guid:F9780F0541FB5D54EB0113B6BB07D8E1 BaseClass: NativeClass:/Script/Engine.WorldDataLayers Name:WorldDataLayers Label:WorldDataLayers SpatiallyLoaded:0 Bounds:IsValid=true, Min=(X=0.000 Y=0.000 Z=0.000), Max=(X=0.000 Y=0.000 Z=0.000) RuntimeGrid:None EditorOnly:0 RuntimeOnly:0 HLODRelevant:0
 |   |   |- Guid:FF90EB6747AF80CA14C61AB5A1518220 BaseClass: NativeClass:/Script/Engine.StaticMeshActor Name:StaticMeshActor_UAID_4CEDFBBCF145E4CB01_1347937893 Label:room_16x16x21 SpatiallyLoaded:1 Bounds:IsValid=true, Min=(X=8990.000 Y=1490.000 Z=-89.937), Max=(X=10590.000 Y=3090.000 Z=710.063) RuntimeGrid:None EditorOnly:0 RuntimeOnly:0 HLODRelevant:1
 |   |- [+] Clusters:
 |   |   |- [+] [  0]
 |   |   |   |- Guid:E1B2F3274C30CCFBE1C996B4B67693DB BaseClass: NativeClass:/Script/Engine.StaticMeshActor Name:StaticMeshActor_UAID_A4AE111137DC5EFB00_2001720423 Label:SM_SkySphere SpatiallyLoaded:0 Bounds:IsValid=true, Min=(X=-1638400.000 Y=-1638400.000 Z=-1638400.000), Max=(X=1638400.000 Y=1638400.000 Z=1638400.000) RuntimeGrid:None EditorOnly:0 RuntimeOnly:0 HLODRelevant:1 FolderPath:Lighting FolderGuid:0BA5F0A04EADB18E70D5B180D08FA34B
 |   |   |- [+] [  1]
 |   |   |   |- Guid:E1501F8B4812CCAC5A95519458794FA3 BaseClass: NativeClass:/Script/Engine.StaticMeshActor Name:StaticMeshActor_UAID_4CEDFBBCF145E4CB01_1360455895 Label:room_16x16x23 SpatiallyLoaded:1 Bounds:IsValid=true, Min=(X=1500.000 Y=2990.000 Z=-89.937), Max=(X=3100.000 Y=4590.000 Z=710.063) RuntimeGrid:None EditorOnly:0 RuntimeOnly:0 HLODRelevant:1
 |   |   |- [+] [  2]
 |   |   |   |- Guid:80D5A83442BDE7C99E92668FE3EEE243 BaseClass: NativeClass:/Script/Engine.DirectionalLight Name:DirectionalLight_1 Label:DirectionalLight SpatiallyLoaded:0 Bounds:IsValid=true, Min=(X=-4398046511104.000 Y=-4398046511104.000 Z=-4398046511104.000), Max=(X=4398046511104.000 Y=4398046511104.000 Z=4398046511104.000) RuntimeGrid:None EditorOnly:0 RuntimeOnly:0 HLODRelevant:0 FolderPath:Lighting FolderGuid:0BA5F0A04EADB18E70D5B180D08FA34B
 |   |   |- [+] [  3]
 |   |   |   |- Guid:8347186F4B95F33B1C4C699A3510EF07 BaseClass: NativeClass:/Script/Engine.StaticMeshActor Name:StaticMeshActor_UAID_4CEDFBBCF145E4CB01_1360454894 Label:room_16x16x22 SpatiallyLoaded:1 Bounds:IsValid=true, Min=(X=0.000 Y=2990.000 Z=-89.937), Max=(X=1600.000 Y=4590.000 Z=710.063) RuntimeGrid:None EditorOnly:0 RuntimeOnly:0 HLODRelevant:1
 |   |   |- [+] [  4]
 |   |   |   |- Guid:FF90EB6747AF80CA14C61AB5A1518220 BaseClass: NativeClass:/Script/Engine.StaticMeshActor Name:StaticMeshActor_UAID_4CEDFBBCF145E4CB01_1347937893 Label:room_16x16x21 SpatiallyLoaded:1 Bounds:IsValid=true, Min=(X=8990.000 Y=1490.000 Z=-89.937), Max=(X=10590.000 Y=3090.000 Z=710.063) RuntimeGrid:None EditorOnly:0 RuntimeOnly:0 HLODRelevant:1
 |   |   |- [+] [  5]
 |   |   |   |- Guid:ED70B9464630BE9B7A68C7A332339136 BaseClass: NativeClass:/Script/Engine.StaticMeshActor Name:StaticMeshActor_UAID_4CEDFBBCF145E4CB01_1347936892 Label:room_16x16x20 SpatiallyLoaded:1 Bounds:IsValid=true, Min=(X=7490.000 Y=1490.000 Z=-89.937), Max=(X=9090.000 Y=3090.000 Z=710.063) RuntimeGrid:None EditorOnly:0 RuntimeOnly:0 HLODRelevant:1
 |   |   |- [+] [  6]
 |   |   |   |- Guid:575F5C5B4A4A4634392532A99019C29E BaseClass: NativeClass:/Script/Engine.StaticMeshActor Name:StaticMeshActor_UAID_4CEDFBBCF145E4CB01_1347935891 Label:room_16x16x19 SpatiallyLoaded:1 Bounds:IsValid=true, Min=(X=6000.000 Y=1490.000 Z=-89.937), Max=(X=7600.000 Y=3090.000 Z=710.063) RuntimeGrid:None EditorOnly:0 RuntimeOnly:0 HLODRelevant:1
 |   |   |- [+] [  7]
 |   |   |   |- Guid:0C77AE7C4DEAA96CC671F7AB74BA8B1E BaseClass: NativeClass:/Script/Engine.StaticMeshActor Name:StaticMeshActor_UAID_4CEDFBBCF145E4CB01_1347933890 Label:room_16x16x18 SpatiallyLoaded:1 Bounds:IsValid=true, Min=(X=4500.000 Y=1490.000 Z=-89.937), Max=(X=6100.000 Y=3090.000 Z=710.063) RuntimeGrid:None EditorOnly:0 RuntimeOnly:0 HLODRelevant:1
 |   |   |- [+] [  8]
 |   |   |   |- Guid:189D922B4213A1B2F2F166925C01663B BaseClass: NativeClass:/Script/Engine.StaticMeshActor Name:StaticMeshActor_UAID_4CEDFBBCF145E4CB01_1347932889 Label:room_16x16x17 SpatiallyLoaded:1 Bounds:IsValid=true, Min=(X=3000.000 Y=1490.000 Z=-89.937), Max=(X=4600.000 Y=3090.000 Z=710.063) RuntimeGrid:None EditorOnly:0 RuntimeOnly:0 HLODRelevant:1
 |   |   |- [+] [  9]
 |   |   |   |- Guid:55843E794ED82BD70863A988C1F34906 BaseClass: NativeClass:/Script/Engine.StaticMeshActor Name:StaticMeshActor_UAID_4CEDFBBCF145E4CB01_1347931888 Label:room_16x16x16 SpatiallyLoaded:1 Bounds:IsValid=true, Min=(X=1500.000 Y=1490.000 Z=-89.937), Max=(X=3100.000 Y=3090.000 Z=710.063) RuntimeGrid:None EditorOnly:0 RuntimeOnly:0 HLODRelevant:1
 |   |   |- [+] [ 10]
 |   |   |   |- Guid:7834031E473479D261A8A0AE7A761CBD BaseClass: NativeClass:/Script/Engine.StaticMeshActor Name:StaticMeshActor_UAID_4CEDFBBCF145E4CB01_1347929887 Label:room_16x16x15 SpatiallyLoaded:1 Bounds:IsValid=true, Min=(X=0.000 Y=1490.000 Z=-89.937), Max=(X=1600.000 Y=3090.000 Z=710.063) RuntimeGrid:None EditorOnly:0 RuntimeOnly:0 HLODRelevant:1
 |   |   |- [+] [ 11]
 |   |   |   |- Guid:92B30E6D46A1D7B6B3F568BD584501FB BaseClass: NativeClass:/Script/Engine.PlayerStart Name:PlayerStart_0 Label:PlayerStart SpatiallyLoaded:0 Bounds:IsValid=true, Min=(X=240.000 Y=280.000 Z=0.013), Max=(X=320.000 Y=360.000 Z=184.013) RuntimeGrid:None EditorOnly:0 RuntimeOnly:0 HLODRelevant:0
 |   |   |- [+] [ 12]
 |   |   |   |- Guid:9ECC3B874735034194EC4BB805A1E34F BaseClass: NativeClass:/Script/Engine.VolumetricCloud Name:VolumetricCloud_0 Label:VolumetricCloud SpatiallyLoaded:0 Bounds:IsValid=true, Min=(X=0.000 Y=0.000 Z=820.000), Max=(X=0.000 Y=0.000 Z=820.000) RuntimeGrid:None EditorOnly:0 RuntimeOnly:0 HLODRelevant:0 FolderPath:Lighting FolderGuid:0BA5F0A04EADB18E70D5B180D08FA34B
 |   |   |- [+] [ 13]
 |   |   |   |- Guid:D7BB34E1455658D17FB7ABB75124B437 BaseClass: NativeClass:/Script/Engine.StaticMeshActor Name:StaticMeshActor_UAID_4CEDFBBCF145E4CB01_1306710886 Label:room_16x16x14 SpatiallyLoaded:1 Bounds:IsValid=true, Min=(X=8990.000 Y=0.000 Z=-89.937), Max=(X=10590.000 Y=1600.000 Z=710.063) RuntimeGrid:None EditorOnly:0 RuntimeOnly:0 HLODRelevant:1
 |   |   |- [+] [ 14]
 |   |   |   |- Guid:211D19B64FCC9623672199A0562E7119 BaseClass: NativeClass:/Script/Engine.StaticMeshActor Name:StaticMeshActor_UAID_4CEDFBBCF145E4CB01_1306708885 Label:room_16x16x13 SpatiallyLoaded:1 Bounds:IsValid=true, Min=(X=7490.000 Y=0.000 Z=-89.937), Max=(X=9090.000 Y=1600.000 Z=710.063) RuntimeGrid:None EditorOnly:0 RuntimeOnly:0 HLODRelevant:1
 |   |   |- [+] [ 15]
 |   |   |   |- Guid:D6F0B23F42FAE12A792B1790BAD0A5BA BaseClass: NativeClass:/Script/Engine.StaticMeshActor Name:StaticMeshActor_UAID_4CEDFBBCF145E4CB01_1286451884 Label:room_16x16x12 SpatiallyLoaded:1 Bounds:IsValid=true, Min=(X=6000.000 Y=0.000 Z=-89.937), Max=(X=7600.000 Y=1600.000 Z=710.063) RuntimeGrid:None EditorOnly:0 RuntimeOnly:0 HLODRelevant:1
 |   |   |- [+] [ 16]
 |   |   |   |- Guid:437AD516483247C1B562A8860A8BBE1B BaseClass: NativeClass:/Script/Engine.StaticMeshActor Name:StaticMeshActor_UAID_4CEDFBBCF145E4CB01_1286449883 Label:room_16x16x11 SpatiallyLoaded:1 Bounds:IsValid=true, Min=(X=4500.000 Y=0.000 Z=-89.937), Max=(X=6100.000 Y=1600.000 Z=710.063) RuntimeGrid:None EditorOnly:0 RuntimeOnly:0 HLODRelevant:1
 |   |   |- [+] [ 17]
 |   |   |   |- Guid:D3AF5BC74A2BC53E7FF4608C68027BE5 BaseClass: NativeClass:/Script/Engine.StaticMeshActor Name:StaticMeshActor_UAID_4CEDFBBCF145E4CB01_1271954882 Label:room_16x16x10 SpatiallyLoaded:1 Bounds:IsValid=true, Min=(X=3000.000 Y=0.000 Z=-89.937), Max=(X=4600.000 Y=1600.000 Z=710.063) RuntimeGrid:None EditorOnly:0 RuntimeOnly:0 HLODRelevant:1
 |   |   |- [+] [ 18]
 |   |   |   |- Guid:EC5F485E45268CC132A19381C74F6595 BaseClass: NativeClass:/Script/Engine.StaticMeshActor Name:StaticMeshActor_UAID_4CEDFBBCF145E4CB01_1253254881 Label:room_16x16x9 SpatiallyLoaded:1 Bounds:IsValid=true, Min=(X=1500.000 Y=0.000 Z=-89.937), Max=(X=3100.000 Y=1600.000 Z=710.063) RuntimeGrid:None EditorOnly:0 RuntimeOnly:0 HLODRelevant:1
 |   |   |- [+] [ 19]
 |   |   |   |- Guid:6A5529BF49ED27A58524868FE1E9B4D1 BaseClass: NativeClass:/Script/Engine.StaticMeshActor Name:StaticMeshActor_UAID_4CEDFBBCF145E5CB01_1212414106 Label:Cube SpatiallyLoaded:1 Bounds:IsValid=true, Min=(X=2100.000 Y=660.000 Z=-39.937), Max=(X=2300.000 Y=860.000 Z=-14.937) RuntimeGrid:None EditorOnly:0 RuntimeOnly:0 HLODRelevant:1
 |   |   |- [+] [ 20]
 |   |   |   |- Guid:27FB03D9420C5C8803B7D5AC48C647E1 BaseClass: NativeClass:/Script/Engine.SkyAtmosphere Name:SkyAtmosphere_0 Label:SkyAtmosphere SpatiallyLoaded:0 Bounds:IsValid=true, Min=(X=0.000 Y=0.000 Z=1020.000), Max=(X=0.000 Y=0.000 Z=1020.000) RuntimeGrid:None EditorOnly:0 RuntimeOnly:0 HLODRelevant:0 FolderPath:Lighting FolderGuid:0BA5F0A04EADB18E70D5B180D08FA34B
 |   |   |- [+] [ 21]
 |   |   |   |- Guid:6389BE3D4975C3EF34B57B8A56FF24C7 BaseClass:/Game/BP_door.BP_door_C NativeClass:/Script/Engine.StaticMeshActor Name:BP_door_C_UAID_4CEDFBBCF145E5CB01_2123455107 Label:BP_door2 SpatiallyLoaded:1 Bounds:IsValid=true, Min=(X=486.400 Y=2976.000 Z=2.400), Max=(X=1113.600 Y=3104.000 Z=517.600) RuntimeGrid:None EditorOnly:0 RuntimeOnly:0 HLODRelevant:0
 |   |   |- [+] [ 22]
 |   |   |   |- Guid:86EFDBEC4B7043EE85C2A78B1824484E BaseClass:/Game/BP_door.BP_door_C NativeClass:/Script/Engine.StaticMeshActor Name:BP_door_C_UAID_4CEDFBBCF145E5CB01_2138834108 Label:BP_door3 SpatiallyLoaded:1 Bounds:IsValid=true, Min=(X=486.400 Y=4466.000 Z=2.400), Max=(X=1113.600 Y=4594.000 Z=517.600) RuntimeGrid:None EditorOnly:0 RuntimeOnly:0 HLODRelevant:0
 |   |   |- [+] [ 23]
 |   |   |   |- Guid:0C077452456F778DDD76709DD8A241D3 BaseClass: NativeClass:/Script/Engine.StaticMeshActor Name:StaticMeshActor_UAID_4CEDFBBCF145E4CB01_1375572904 Label:room_16x16x32 SpatiallyLoaded:1 Bounds:IsValid=true, Min=(X=4500.000 Y=4490.000 Z=-89.937), Max=(X=6100.000 Y=6090.000 Z=710.063) RuntimeGrid:None EditorOnly:0 RuntimeOnly:0 HLODRelevant:1
 |   |   |- [+] [ 24]
 |   |   |   |- Guid:1E548B2E4297B60C4F8F2AB7709221B6 BaseClass: NativeClass:/Script/Engine.StaticMeshActor Name:StaticMeshActor_UAID_4CEDFBBCF145E4CB01_1375571903 Label:room_16x16x31 SpatiallyLoaded:1 Bounds:IsValid=true, Min=(X=3000.000 Y=4490.000 Z=-89.937), Max=(X=4600.000 Y=6090.000 Z=710.063) RuntimeGrid:None EditorOnly:0 RuntimeOnly:0 HLODRelevant:1
 |   |   |- [+] [ 25]
 |   |   |   |- Guid:54F45BFE49404A3D13216E9A2E4808E0 BaseClass: NativeClass:/Script/Engine.StaticMeshActor Name:StaticMeshActor_UAID_4CEDFBBCF145E4CB01_1375570902 Label:room_16x16x30 SpatiallyLoaded:1 Bounds:IsValid=true, Min=(X=1500.000 Y=4490.000 Z=-89.937), Max=(X=3100.000 Y=6090.000 Z=710.063) RuntimeGrid:None EditorOnly:0 RuntimeOnly:0 HLODRelevant:1
 |   |   |- [+] [ 26]
 |   |   |   |- Guid:55A6848E463912AE5EEBB7BA0DD1A6C8 BaseClass: NativeClass:/Script/Engine.SkyLight Name:SkyLight_0 Label:SkyLight SpatiallyLoaded:0 Bounds:IsValid=true, Min=(X=0.000 Y=0.000 Z=690.000), Max=(X=0.000 Y=0.000 Z=690.000) RuntimeGrid:None EditorOnly:0 RuntimeOnly:0 HLODRelevant:0 FolderPath:Lighting FolderGuid:0BA5F0A04EADB18E70D5B180D08FA34B
 |   |   |- [+] [ 27]
 |   |   |   |- Guid:3186E4BE46C946A8E659DCB3F365559D BaseClass: NativeClass:/Script/Engine.StaticMeshActor Name:StaticMeshActor_UAID_4CEDFBBCF145E4CB01_1409990926 Label:room_16x16x54 SpatiallyLoaded:1 Bounds:IsValid=true, Min=(X=6000.000 Y=8990.000 Z=-89.937), Max=(X=7600.000 Y=10590.000 Z=710.063) RuntimeGrid:None EditorOnly:0 RuntimeOnly:0 HLODRelevant:1
 |   |   |- [+] [ 28]
 |   |   |   |- Guid:9C8D0E4B4D3CFE94CFC8829D77076216 BaseClass: NativeClass:/Script/Engine.StaticMeshActor Name:StaticMeshActor_UAID_4CEDFBBCF145E4CB01_1409986922 Label:room_16x16x50 SpatiallyLoaded:1 Bounds:IsValid=true, Min=(X=0.000 Y=8990.000 Z=-89.937), Max=(X=1600.000 Y=10590.000 Z=710.063) RuntimeGrid:None EditorOnly:0 RuntimeOnly:0 HLODRelevant:1
 |   |   |- [+] [ 29]
 |   |   |   |- Guid:9F40E0E9426694F1C6FB49B626909577 BaseClass: NativeClass:/Script/Engine.StaticMeshActor Name:StaticMeshActor_UAID_4CEDFBBCF145E4CB01_1398539917 Label:room_16x16x45 SpatiallyLoaded:1 Bounds:IsValid=true, Min=(X=3000.000 Y=7490.000 Z=-89.937), Max=(X=4600.000 Y=9090.000 Z=710.063) RuntimeGrid:None EditorOnly:0 RuntimeOnly:0 HLODRelevant:1
 |   |   |- [+] [ 30]
 |   |   |   |- Guid:14EBE9E6498A81DD3C939CAF886CD1B9 BaseClass: NativeClass:/Script/Engine.StaticMeshActor Name:StaticMeshActor_UAID_4CEDFBBCF145E4CB01_1398538916 Label:room_16x16x44 SpatiallyLoaded:1 Bounds:IsValid=true, Min=(X=1500.000 Y=7490.000 Z=-89.937), Max=(X=3100.000 Y=9090.000 Z=710.063) RuntimeGrid:None EditorOnly:0 RuntimeOnly:0 HLODRelevant:1
 |   |   |- [+] [ 31]
 |   |   |   |- Guid:831DB4B64B71D2AB1AA1919786D99DEB BaseClass: NativeClass:/Script/Engine.StaticMeshActor Name:StaticMeshActor_UAID_4CEDFBBCF145E4CB01_1384906913 Label:room_16x16x41 SpatiallyLoaded:1 Bounds:IsValid=true, Min=(X=7490.000 Y=5990.000 Z=-89.937), Max=(X=9090.000 Y=7590.000 Z=710.063) RuntimeGrid:None EditorOnly:0 RuntimeOnly:0 HLODRelevant:1
 |   |   |- [+] [ 32]
 |   |   |   |- Guid:F2408D354BC84F8FE7E60DBB496AB8AC BaseClass: NativeClass:/Script/Engine.StaticMeshActor Name:StaticMeshActor_UAID_4CEDFBBCF145E4CB01_1384905912 Label:room_16x16x40 SpatiallyLoaded:1 Bounds:IsValid=true, Min=(X=6000.000 Y=5990.000 Z=-89.937), Max=(X=7600.000 Y=7590.000 Z=710.063) RuntimeGrid:None EditorOnly:0 RuntimeOnly:0 HLODRelevant:1
 |   |   |- [+] [ 33]
 |   |   |   |- Guid:4B767FF04FFDDC29C06491A8AAEC7843 BaseClass: NativeClass:/Script/Engine.StaticMeshActor Name:StaticMeshActor_UAID_4CEDFBBCF145E4CB01_1384904911 Label:room_16x16x39 SpatiallyLoaded:1 Bounds:IsValid=true, Min=(X=4500.000 Y=5990.000 Z=-89.937), Max=(X=6100.000 Y=7590.000 Z=710.063) RuntimeGrid:None EditorOnly:0 RuntimeOnly:0 HLODRelevant:1
 |   |   |- [+] [ 34]
 |   |   |   |- Guid:26B6A00940CF1B0D59B1CCA26C135AB2 BaseClass: NativeClass:/Script/Engine.StaticMeshActor Name:StaticMeshActor_UAID_4CEDFBBCF145E4CB01_1384903910 Label:room_16x16x38 SpatiallyLoaded:1 Bounds:IsValid=true, Min=(X=3000.000 Y=5990.000 Z=-89.937), Max=(X=4600.000 Y=7590.000 Z=710.063) RuntimeGrid:None EditorOnly:0 RuntimeOnly:0 HLODRelevant:1
 |   |   |- [+] [ 35]
 |   |   |   |- Guid:96151D7F4DA29A382E956CADB8F51629 BaseClass: NativeClass:/Script/Engine.StaticMeshActor Name:StaticMeshActor_UAID_4CEDFBBCF145E4CB01_1384902909 Label:room_16x16x37 SpatiallyLoaded:1 Bounds:IsValid=true, Min=(X=1500.000 Y=5990.000 Z=-89.937), Max=(X=3100.000 Y=7590.000 Z=710.063) RuntimeGrid:None EditorOnly:0 RuntimeOnly:0 HLODRelevant:1
 |   |   |- [+] [ 36]
 |   |   |   |- Guid:5AE3B5F9468055C1511FF3AC7E864A48 BaseClass: NativeClass:/Script/Engine.StaticMeshActor Name:StaticMeshActor_UAID_4CEDFBBCF145E4CB01_1375574907 Label:room_16x16x35 SpatiallyLoaded:1 Bounds:IsValid=true, Min=(X=8990.000 Y=4490.000 Z=-89.937), Max=(X=10590.000 Y=6090.000 Z=710.063) RuntimeGrid:None EditorOnly:0 RuntimeOnly:0 HLODRelevant:1
 |   |   |- [+] [ 37]
 |   |   |   |- Guid:342127784C61191492DBB3B1C32D6649 BaseClass: NativeClass:/Script/Engine.StaticMeshActor Name:StaticMeshActor_UAID_4CEDFBBCF145E4CB01_1375573906 Label:room_16x16x34 SpatiallyLoaded:1 Bounds:IsValid=true, Min=(X=7490.000 Y=4490.000 Z=-89.937), Max=(X=9090.000 Y=6090.000 Z=710.063) RuntimeGrid:None EditorOnly:0 RuntimeOnly:0 HLODRelevant:1
 |   |   |- [+] [ 38]
 |   |   |   |- Guid:941FC0BE480ED7C5A8A4F8BAC2656A1E BaseClass: NativeClass:/Script/Engine.StaticMeshActor Name:StaticMeshActor_UAID_4CEDFBBCF145E4CB01_1375573905 Label:room_16x16x33 SpatiallyLoaded:1 Bounds:IsValid=true, Min=(X=6000.000 Y=4490.000 Z=-89.937), Max=(X=7600.000 Y=6090.000 Z=710.063) RuntimeGrid:None EditorOnly:0 RuntimeOnly:0 HLODRelevant:1
 |   |   |- [+] [ 39]
 |   |   |   |- Guid:EF8D6D7E4DE15FF26C9476B4CCCA0C01 BaseClass: NativeClass:/Script/Engine.StaticMeshActor Name:StaticMeshActor_UAID_4CEDFBBCF145E4CB01_1409987923 Label:room_16x16x51 SpatiallyLoaded:1 Bounds:IsValid=true, Min=(X=1500.000 Y=8990.000 Z=-89.937), Max=(X=3100.000 Y=10590.000 Z=710.063) RuntimeGrid:None EditorOnly:0 RuntimeOnly:0 HLODRelevant:1
 |   |   |- [+] [ 40]
 |   |   |   |- Guid:A5EB77514DEB5FB57258B894C7FAC421 BaseClass: NativeClass:/Script/Engine.StaticMeshActor Name:StaticMeshActor_UAID_4CEDFBBCF145E4CB01_1409988924 Label:room_16x16x52 SpatiallyLoaded:1 Bounds:IsValid=true, Min=(X=3000.000 Y=8990.000 Z=-89.937), Max=(X=4600.000 Y=10590.000 Z=710.063) RuntimeGrid:None EditorOnly:0 RuntimeOnly:0 HLODRelevant:1
 |   |   |- [+] [ 41]
 |   |   |   |- Guid:EBA710334E16F64A7A9A358B059EC044 BaseClass: NativeClass:/Script/Engine.StaticMeshActor Name:StaticMeshActor_UAID_4CEDFBBCF145E4CB01_1409989925 Label:room_16x16x53 SpatiallyLoaded:1 Bounds:IsValid=true, Min=(X=4500.000 Y=8990.000 Z=-89.937), Max=(X=6100.000 Y=10590.000 Z=710.063) RuntimeGrid:None EditorOnly:0 RuntimeOnly:0 HLODRelevant:1
 |   |   |- [+] [ 42]
 |   |   |   |- Guid:517BD6FE4C002C2CE8E961A5DC057CC2 BaseClass: NativeClass:/Script/Engine.StaticMeshActor Name:StaticMeshActor_UAID_4CEDFBBCF145E4CB01_1409990927 Label:room_16x16x55 SpatiallyLoaded:1 Bounds:IsValid=true, Min=(X=7490.000 Y=8990.000 Z=-89.937), Max=(X=9090.000 Y=10590.000 Z=710.063) RuntimeGrid:None EditorOnly:0 RuntimeOnly:0 HLODRelevant:1
 |   |   |- [+] [ 43]
 |   |   |   |- Guid:2BC92061439E43CE6B70148D9CC1F378 BaseClass: NativeClass:/Script/Engine.StaticMeshActor Name:StaticMeshActor_UAID_4CEDFBBCF145E4CB01_1409991928 Label:room_16x16x56 SpatiallyLoaded:1 Bounds:IsValid=true, Min=(X=8990.000 Y=8990.000 Z=-89.937), Max=(X=10590.000 Y=10590.000 Z=710.063) RuntimeGrid:None EditorOnly:0 RuntimeOnly:0 HLODRelevant:1
 |   |   |- [+] [ 44]
 |   |   |   |- Guid:7F16DF7F467D62A59051F39A9F9FE5D7 BaseClass: NativeClass:/Script/Engine.StaticMeshActor Name:StaticMeshActor_UAID_4CEDFBBCF145E4CB01_1398542921 Label:room_16x16x49 SpatiallyLoaded:1 Bounds:IsValid=true, Min=(X=8990.000 Y=7490.000 Z=-89.937), Max=(X=10590.000 Y=9090.000 Z=710.063) RuntimeGrid:None EditorOnly:0 RuntimeOnly:0 HLODRelevant:1
 |   |   |- [+] [ 45]
 |   |   |   |- Guid:481495844FB551251BA0E3ABFDA37971 BaseClass: NativeClass:/Script/Engine.StaticMeshActor Name:StaticMeshActor_UAID_4CEDFBBCF145E4CB01_1398540919 Label:room_16x16x47 SpatiallyLoaded:1 Bounds:IsValid=true, Min=(X=6000.000 Y=7490.000 Z=-89.937), Max=(X=7600.000 Y=9090.000 Z=710.063) RuntimeGrid:None EditorOnly:0 RuntimeOnly:0 HLODRelevant:1
 |   |   |- [+] [ 46]
 |   |   |   |- Guid:C8F642884211F9ADE49AE6A2DD39424C BaseClass: NativeClass:/Script/Engine.StaticMeshActor Name:StaticMeshActor_UAID_4CEDFBBCF145E4CB01_1398541920 Label:room_16x16x48 SpatiallyLoaded:1 Bounds:IsValid=true, Min=(X=7490.000 Y=7490.000 Z=-89.937), Max=(X=9090.000 Y=9090.000 Z=710.063) RuntimeGrid:None EditorOnly:0 RuntimeOnly:0 HLODRelevant:1
 |   |   |- [+] [ 47]
 |   |   |   |- Guid:B5D46F374A540302D924BE8779FC00A4 BaseClass: NativeClass:/Script/Engine.StaticMeshActor Name:StaticMeshActor_UAID_4CEDFBBCF145E4CB01_1398540918 Label:room_16x16x46 SpatiallyLoaded:1 Bounds:IsValid=true, Min=(X=4500.000 Y=7490.000 Z=-89.937), Max=(X=6100.000 Y=9090.000 Z=710.063) RuntimeGrid:None EditorOnly:0 RuntimeOnly:0 HLODRelevant:1
 |   |   |- [+] [ 48]
 |   |   |   |- Guid:B029A8114CEA75DF4D274B87F2B34EB0 BaseClass: NativeClass:/Script/Engine.StaticMeshActor Name:StaticMeshActor_UAID_4CEDFBBCF145E4CB01_1398536915 Label:room_16x16x43 SpatiallyLoaded:1 Bounds:IsValid=true, Min=(X=0.000 Y=7490.000 Z=-89.937), Max=(X=1600.000 Y=9090.000 Z=710.063) RuntimeGrid:None EditorOnly:0 RuntimeOnly:0 HLODRelevant:1
 |   |   |- [+] [ 49]
 |   |   |   |- Guid:75AABE714C5FE8D74E97E5B346D818B9 BaseClass: NativeClass:/Script/Engine.StaticMeshActor Name:StaticMeshActor_UAID_4CEDFBBCF145E4CB01_1384907914 Label:room_16x16x42 SpatiallyLoaded:1 Bounds:IsValid=true, Min=(X=8990.000 Y=5990.000 Z=-89.937), Max=(X=10590.000 Y=7590.000 Z=710.063) RuntimeGrid:None EditorOnly:0 RuntimeOnly:0 HLODRelevant:1
 |   |   |- [+] [ 50]
 |   |   |   |- Guid:F9780F0541FB5D54EB0113B6BB07D8E1 BaseClass: NativeClass:/Script/Engine.WorldDataLayers Name:WorldDataLayers Label:WorldDataLayers SpatiallyLoaded:0 Bounds:IsValid=true, Min=(X=0.000 Y=0.000 Z=0.000), Max=(X=0.000 Y=0.000 Z=0.000) RuntimeGrid:None EditorOnly:0 RuntimeOnly:0 HLODRelevant:0
 |   |   |- [+] [ 51]
 |   |   |   |- Guid:A4836AAA4921E6117701C69034556B0B BaseClass: NativeClass:/Script/Engine.StaticMeshActor Name:StaticMeshActor_0 Label:SM_Cube SpatiallyLoaded:1 Bounds:IsValid=true, Min=(X=0.000 Y=0.000 Z=-90.000), Max=(X=10600.000 Y=10600.000 Z=-40.000) RuntimeGrid:None EditorOnly:0 RuntimeOnly:0 HLODRelevant:1 FolderPath:Playground FolderGuid:6C02BB504B69D1F3D7A624B130C18E5B
 |   |   |- [+] [ 52]
 |   |   |   |- Guid:5BF24A9648B304EAB0802781FCA45BE9 BaseClass: NativeClass:/Script/Engine.StaticMeshActor Name:StaticMeshActor_UAID_4CEDFBBCF145E4CB01_1384900908 Label:room_16x16x36 SpatiallyLoaded:1 Bounds:IsValid=true, Min=(X=0.000 Y=5990.000 Z=-89.937), Max=(X=1600.000 Y=7590.000 Z=710.063) RuntimeGrid:None EditorOnly:0 RuntimeOnly:0 HLODRelevant:1
 |   |   |- [+] [ 53]
 |   |   |   |- Guid:08A17A2949B0BCDB963BE19BA03BE606 BaseClass: NativeClass:/Script/Engine.StaticMeshActor Name:StaticMeshActor_UAID_4CEDFBBCF145E4CB01_1375569901 Label:room_16x16x29 SpatiallyLoaded:1 Bounds:IsValid=true, Min=(X=0.000 Y=4490.000 Z=-89.937), Max=(X=1600.000 Y=6090.000 Z=710.063) RuntimeGrid:None EditorOnly:0 RuntimeOnly:0 HLODRelevant:1
 |   |   |- [+] [ 54]
 |   |   |   |- Guid:4B41ACB34E9DB9F49B6040ADCCD4E1FD BaseClass:/Game/FirstPerson/Blueprints/BP_Pickup_Rifle.BP_Pickup_Rifle_C NativeClass:/Script/Engine.Actor Name:BP_Rifle_C_1 Label:BP_Pickup_Rifle SpatiallyLoaded:1 Bounds:IsValid=true, Min=(X=4998.000 Y=5158.000 Z=494.000), Max=(X=5062.000 Y=5247.440 Z=558.000) RuntimeGrid:None EditorOnly:0 RuntimeOnly:0 HLODRelevant:0
 |   |   |- [+] [ 55]
 |   |   |   |- Guid:E76421894D8B0D54DBDA4393B8C153A6 BaseClass: NativeClass:/Script/Engine.StaticMeshActor Name:StaticMeshActor_UAID_4CEDFBBCF145E3CB01_1983217701 Label:room_16x16x8 SpatiallyLoaded:1 Bounds:IsValid=true, Min=(X=0.000 Y=0.000 Z=-89.937), Max=(X=1600.000 Y=1600.000 Z=710.063) RuntimeGrid:None EditorOnly:0 RuntimeOnly:0 HLODRelevant:1
 |   |   |- [+] [ 56]
 |   |   |   |- Guid:A15C63CC417CAA8C65853F9890892D7A BaseClass:/Game/BP_door.BP_door_C NativeClass:/Script/Engine.StaticMeshActor Name:BP_door_C_UAID_4CEDFBBCF145E4CB01_1613067929 Label:BP_door SpatiallyLoaded:1 Bounds:IsValid=true, Min=(X=486.400 Y=1486.000 Z=2.400), Max=(X=1113.600 Y=1614.000 Z=517.600) RuntimeGrid:None EditorOnly:0 RuntimeOnly:0 HLODRelevant:0
 |   |   |- [+] [ 57]
 |   |   |   |- Guid:E2031D4947EFCF5B95CDEC9A44DC633A BaseClass: NativeClass:/Script/Engine.StaticMeshActor Name:StaticMeshActor_UAID_4CEDFBBCF145E4CB01_1360456896 Label:room_16x16x24 SpatiallyLoaded:1 Bounds:IsValid=true, Min=(X=3000.000 Y=2990.000 Z=-89.937), Max=(X=4600.000 Y=4590.000 Z=710.063) RuntimeGrid:None EditorOnly:0 RuntimeOnly:0 HLODRelevant:1
 |   |   |- [+] [ 58]
 |   |   |   |- Guid:DE2D292E497CA9A22B770D9F69AA38E3 BaseClass: NativeClass:/Script/Engine.StaticMeshActor Name:StaticMeshActor_UAID_4CEDFBBCF145E4CB01_1360457897 Label:room_16x16x25 SpatiallyLoaded:1 Bounds:IsValid=true, Min=(X=4500.000 Y=2990.000 Z=-89.937), Max=(X=6100.000 Y=4590.000 Z=710.063) RuntimeGrid:None EditorOnly:0 RuntimeOnly:0 HLODRelevant:1
 |   |   |- [+] [ 59]
 |   |   |   |- Guid:DC3C3A3B4C2D5EAE780195997C80EAE5 BaseClass: NativeClass:/Script/Engine.StaticMeshActor Name:StaticMeshActor_UAID_4CEDFBBCF145E4CB01_1360458898 Label:room_16x16x26 SpatiallyLoaded:1 Bounds:IsValid=true, Min=(X=6000.000 Y=2990.000 Z=-89.937), Max=(X=7600.000 Y=4590.000 Z=710.063) RuntimeGrid:None EditorOnly:0 RuntimeOnly:0 HLODRelevant:1
 |   |   |- [+] [ 60]
 |   |   |   |- Guid:A94D770A4C618C4D08A5B89AD74B63EF BaseClass: NativeClass:/Script/Engine.StaticMeshActor Name:StaticMeshActor_UAID_4CEDFBBCF145E4CB01_1360458899 Label:room_16x16x27 SpatiallyLoaded:1 Bounds:IsValid=true, Min=(X=7490.000 Y=2990.000 Z=-89.937), Max=(X=9090.000 Y=4590.000 Z=710.063) RuntimeGrid:None EditorOnly:0 RuntimeOnly:0 HLODRelevant:1
 |   |   |- [+] [ 61]
 |   |   |   |- Guid:BE37F34B4E96BCF7D8F07296FFEF5394 BaseClass: NativeClass:/Script/Engine.StaticMeshActor Name:StaticMeshActor_UAID_4CEDFBBCF145E4CB01_1360459900 Label:room_16x16x28 SpatiallyLoaded:1 Bounds:IsValid=true, Min=(X=8990.000 Y=2990.000 Z=-89.937), Max=(X=10590.000 Y=4590.000 Z=710.063) RuntimeGrid:None EditorOnly:0 RuntimeOnly:0 HLODRelevant:1
 |   |   |- [+] [ 62]
 |   |   |   |- Guid:034FA0B04CE6788581DE88BE69533573 BaseClass:/Game/BP_door.BP_door_C NativeClass:/Script/Engine.StaticMeshActor Name:BP_door_C_UAID_4CEDFBBCF145E6CB01_1082405285 Label:BP_door4 SpatiallyLoaded:1 Bounds:IsValid=true, Min=(X=486.400 Y=5976.000 Z=2.400), Max=(X=1113.600 Y=6104.000 Z=517.600) RuntimeGrid:None EditorOnly:0 RuntimeOnly:0 HLODRelevant:0
 |   |   |- [+] [ 63]
 |   |   |   |- Guid:A4BC6E9F4EB8A6A75121EF9C3B6EB4D7 BaseClass:/Game/RoomEscape/Assets/BP_key.BP_key_C NativeClass:/Script/Engine.StaticMeshActor Name:BP_key_C_UAID_4CEDFBBCF145E6CB01_2104691307 Label:BP_key SpatiallyLoaded:1 Bounds:IsValid=true, Min=(X=827.000 Y=700.000 Z=-56.437), Max=(X=923.000 Y=820.000 Z=-8.437) RuntimeGrid:None EditorOnly:0 RuntimeOnly:0 HLODRelevant:1
 |   |   |- [+] [ 64]
 |   |   |   |- Guid:2D1CF7DF4E44A2DDEB1F0590EE8BFE22 BaseClass:/Game/RoomEscape/Assets/BP_Brain.BP_Brain_C NativeClass:/Script/Engine.Actor Name:BP_Brain_C_UAID_4CEDFBBCF145E7CB01_1369143484 Label:BP_Brain SpatiallyLoaded:1 Bounds:IsValid=true, Min=(X=150.000 Y=-85.000 Z=560.000), Max=(X=150.000 Y=-85.000 Z=560.000) RuntimeGrid:None EditorOnly:0 RuntimeOnly:0 HLODRelevant:0
 |   |   |- [+] [ 65]
 |   |   |   |- Guid:A41FF60D4DC7BF7EF9F47296AB649688 BaseClass: NativeClass:/Script/Engine.StaticMeshActor Name:StaticMeshActor_UAID_4CEDFBBCF145E7CB01_1798208485 Label:Walls_16x8 SpatiallyLoaded:1 Bounds:IsValid=true, Min=(X=-482.500 Y=0.000 Z=-100.000), Max=(X=11917.500 Y=100.000 Z=700.001) RuntimeGrid:None EditorOnly:0 RuntimeOnly:0 HLODRelevant:1
 |   |   |- [+] [ 66]
 |   |   |   |- Guid:676782B048A5ECCD76B7819B009AC07D BaseClass: NativeClass:/Script/Engine.StaticMeshActor Name:StaticMeshActor_UAID_4CEDFBBCF145E7CB01_1869241486 Label:Walls_16x9 SpatiallyLoaded:1 Bounds:IsValid=true, Min=(X=5.000 Y=-330.000 Z=-100.000), Max=(X=105.000 Y=10870.000 Z=700.001) RuntimeGrid:None EditorOnly:0 RuntimeOnly:0 HLODRelevant:1
 |   |   |- [+] [ 67]
 |   |   |   |- Guid:020A3DBE4EA138ADE15938B6D4185F32 BaseClass: NativeClass:/Script/Engine.StaticMeshActor Name:StaticMeshActor_UAID_4CEDFBBCF145E7CB01_1876091487 Label:Walls_16x10 SpatiallyLoaded:1 Bounds:IsValid=true, Min=(X=5.000 Y=-3295.000 Z=-100.000), Max=(X=105.000 Y=-1695.000 Z=700.001) RuntimeGrid:None EditorOnly:0 RuntimeOnly:0 HLODRelevant:1
 |- ContainerInstances:
 |- [+] MainContainer:
 |   |-        ID: 0x0000000000000000
 |   |-    Bounds: IsValid=false, Min=(X=0.000 Y=0.000 Z=0.000), Max=(X=0.000 Y=0.000 Z=0.000)
 |   |- Transform: 0.000000,0.000000,0.000000|0.000000,0.000000,-0.000000|1.000000,1.000000,1.000000
 |   |- Container: /Game/RoomEscape/Maps/FirstPersonMap1
----------------------------------------------------------------------------------------------------------------
FirstPersonMap1 - Persistent Level
----------------------------------------------------------------------------------------------------------------
Always loaded Actor Count: 86 

----------------------------------------------------------------------------------------------------------------
FirstPersonMap1 - Runtime Spatial Hash - Streaming Grid - MainGrid
----------------------------------------------------------------------------------------------------------------
            Origin: X=0.000 Y=0.000 Z=0.000
         Cell Size: 12800
      World Bounds: IsValid=false, Min=(X=0.000 Y=0.000 Z=0.000), Max=(X=0.000 Y=0.000 Z=0.000)
     Loading Range: 25600.00
Block Slow Loading: No
 ClientOnlyVisible: No

[+] Grid Levels: 1
 |- Level  0: Cell Count    0 | Cell Size   12800 | Actor Count    0 (0.0%)

[+] Content of Grid Level 0

